
The default version of matlab in /usr/licensed/bin is matlab-R2017b 

The following versions are available in /usr/licensed/bin:
	matlab-R2019a
	matlab-R2018b
	matlab-R2018a
	matlab-R2017b
	matlab-R2017a
	matlab-R2016b
	matlab-R2016a
	matlab-R2015b
	matlab-R2015a
	matlab-R2014b
	matlab-R2014a
	matlab-R2013b
	matlab-R2013a
	matlab-R2012a

                            < M A T L A B (R) >
                  Copyright 1984-2017 The MathWorks, Inc.
                   R2017b (9.3.0.713579) 64-bit (glnxa64)
                             September 14, 2017

 
To get started, type one of these: helpwin, helpdesk, or demo.
For product information, visit www.mathworks.com.
 
Starting parallel pool (parpool) using the 'local' profile ...
connected to 20 workers.
[Warning: Variable names were modified to make them valid MATLAB identifiers.
The original names are saved in the VariableDescriptions property.] 
Monte Carlo:
    10

> In LS (line 11)
> In LS (line 11)
> In LS (line 11)
> In LS (line 11)
> In LS (line 11)
  In SVAR_est (line 45)
  In parallel_function>make_general_channel/channel_general (line 917)
  In remoteParallelFunction (line 41)
Warning: Rank deficient, rank = 30, tol =  6.046334e-13.
> In LS (line 11)
  In SVAR_est (line 45)
  In parallel_function>make_general_channel/channel_general (line 917)
  In remoteParallelFunction (line 41)
Warning: Rank deficient, rank = 30, tol =  7.727398e-12.
> In LS (line 11)
> In LS (line 11)
  In SVAR_est (line 45)
  In parallel_function>make_general_channel/channel_general (line 917)
  In remoteParallelFunction (line 41)
Warning: Rank deficient, rank = 30, tol =  6.046334e-13.
> In LS (line 11)
  In SVAR_est (line 45)
  In parallel_function>make_general_channel/channel_general (line 917)
  In remoteParallelFunction (line 41)
Warning: Rank deficient, rank = 30, tol =  6.228706e-13.
> In LS (line 11)
> In LS (line 11)
  In SVAR_est (line 45)
  In parallel_function>make_general_channel/channel_general (line 917)
  In remoteParallelFunction (line 41)
Warning: Rank deficient, rank = 30, tol =  9.140525e-12.
> In LS (line 11)
  In SVAR_est (line 45)
  In parallel_function>make_general_channel/channel_general (line 917)
  In remoteParallelFunction (line 41)
Warning: Rank deficient, rank = 30, tol =  6.046334e-13.
  In SVAR_est (line 45)
  In parallel_function>make_general_channel/channel_general (line 917)
  In remoteParallelFunction (line 41)
Warning: Rank deficient, rank = 30, tol =  6.216733e-13.
> In LS (line 11)
  In SVAR_est (line 45)
  In parallel_function>make_general_channel/channel_general (line 917)
  In remoteParallelFunction (line 41)
Warning: Rank deficient, rank = 30, tol =  6.201170e-13.
Monte Carlo:
    20

Monte Carlo:
    30

  In SVAR_est (line 45)
  In parallel_function>make_general_channel/channel_general (line 917)
  In remoteParallelFunction (line 41)
Warning: Rank deficient, rank = 30, tol =  6.376820e-13.
Monte Carlo:
    50

Monte Carlo:
    60

Monte Carlo:
    40

  In SVAR_est (line 45)
  In parallel_function>make_general_channel/channel_general (line 917)
  In remoteParallelFunction (line 41)
Warning: Rank deficient, rank = 30, tol =  6.579296e-13.
> In LS (line 11)
> In LS (line 11)
> In LS (line 11)
  In SVAR_est (line 45)
  In parallel_function>make_general_channel/channel_general (line 917)
  In remoteParallelFunction (line 41)
Warning: Rank deficient, rank = 30, tol =  6.046334e-13.
Monte Carlo:
    90

> In LS (line 11)
  In SVAR_est (line 45)
  In parallel_function>make_general_channel/channel_general (line 917)
  In remoteParallelFunction (line 41)
Warning: Rank deficient, rank = 30, tol =  6.178352e-13.
> In LS (line 11)
> In LS (line 11)
  In SVAR_est (line 45)
  In parallel_function>make_general_channel/channel_general (line 917)
  In remoteParallelFunction (line 41)
Warning: Rank deficient, rank = 30, tol =  6.331761e-13.
> In LS (line 11)
> In LS (line 11)
  In SVAR_est (line 45)
  In parallel_function>make_general_channel/channel_general (line 917)
  In remoteParallelFunction (line 41)
Warning: Rank deficient, rank = 30, tol =  6.415673e-13.
Monte Carlo:
    80

  In SVAR_est (line 45)
  In parallel_function>make_general_channel/channel_general (line 917)
  In remoteParallelFunction (line 41)
Warning: Rank deficient, rank = 30, tol =  7.936763e-12.
Monte Carlo:
    70

  In SVAR_est (line 45)
  In parallel_function>make_general_channel/channel_general (line 917)
  In remoteParallelFunction (line 41)
Warning: Rank deficient, rank = 30, tol =  6.405841e-13.
> In LS (line 11)
> In LS (line 11)
Monte Carlo:
   100

> In LS (line 11)
  In SVAR_est (line 45)
  In parallel_function>make_general_channel/channel_general (line 917)
  In remoteParallelFunction (line 41)
Warning: Rank deficient, rank = 30, tol =  6.331761e-13.
> In LS (line 11)
  In SVAR_est (line 45)
  In parallel_function>make_general_channel/channel_general (line 917)
  In remoteParallelFunction (line 41)
Warning: Rank deficient, rank = 30, tol =  6.988241e-12.
> In LS (line 11)
  In SVAR_est (line 45)
  In parallel_function>make_general_channel/channel_general (line 917)
  In remoteParallelFunction (line 41)
Warning: Rank deficient, rank = 30, tol =  8.269569e-12.
> In LS (line 11)
  In SVAR_est (line 45)
  In parallel_function>make_general_channel/channel_general (line 917)
  In remoteParallelFunction (line 41)
Warning: Rank deficient, rank = 30, tol =  6.489265e-13.
> In LS (line 11)
  In SVAR_est (line 45)
  In parallel_function>make_general_channel/channel_general (line 917)
  In remoteParallelFunction (line 41)
Warning: Rank deficient, rank = 30, tol =  8.501755e-12.
> In LS (line 11)
> In LS (line 11)
> In LS (line 11)
Monte Carlo:
   110

  In SVAR_est (line 45)
  In parallel_function>make_general_channel/channel_general (line 917)
  In remoteParallelFunction (line 41)
Warning: Rank deficient, rank = 30, tol =  6.050740e-13.
  In SVAR_est (line 45)
  In parallel_function>make_general_channel/channel_general (line 917)
  In remoteParallelFunction (line 41)
Warning: Rank deficient, rank = 30, tol =  6.046334e-13.
  In SVAR_est (line 45)
  In parallel_function>make_general_channel/channel_general (line 917)
  In remoteParallelFunction (line 41)
Warning: Rank deficient, rank = 30, tol =  6.046334e-13.
Monte Carlo:
   130

  In SVAR_est (line 45)
  In parallel_function>make_general_channel/channel_general (line 917)
  In remoteParallelFunction (line 41)
Warning: Rank deficient, rank = 30, tol =  6.379578e-13.
  In SVAR_est (line 45)
  In parallel_function>make_general_channel/channel_general (line 917)
  In remoteParallelFunction (line 41)
Warning: Rank deficient, rank = 30, tol =  6.605752e-13.
  In SVAR_est (line 45)
  In parallel_function>make_general_channel/channel_general (line 917)
  In remoteParallelFunction (line 41)
Warning: Rank deficient, rank = 30, tol =  6.046334e-13.
  In SVAR_est (line 45)
  In parallel_function>make_general_channel/channel_general (line 917)
  In remoteParallelFunction (line 41)
Warning: Rank deficient, rank = 30, tol =  6.046334e-13.
> In LS (line 11)
> In LS (line 11)
> In LS (line 11)
  In SVAR_est (line 45)
  In parallel_function>make_general_channel/channel_general (line 917)
  In remoteParallelFunction (line 41)
Warning: Rank deficient, rank = 30, tol =  6.046334e-13.
Monte Carlo:
   120

  In SVAR_est (line 45)
  In parallel_function>make_general_channel/channel_general (line 917)
  In remoteParallelFunction (line 41)
Warning: Rank deficient, rank = 30, tol =  6.046334e-13.
> In LS (line 11)
Monte Carlo:
   150

  In SVAR_est (line 45)
  In parallel_function>make_general_channel/channel_general (line 917)
  In remoteParallelFunction (line 41)
Warning: Rank deficient, rank = 30, tol =  6.178352e-13.
> In LS (line 11)
Monte Carlo:
   160

> In LS (line 11)
Monte Carlo:
   140

Monte Carlo:
   170

Monte Carlo:
   190

> In LS (line 11)
  In SVAR_est (line 45)
  In parallel_function>make_general_channel/channel_general (line 917)
  In remoteParallelFunction (line 41)
Warning: Rank deficient, rank = 30, tol =  6.046334e-13.
> In LS (line 11)
  In SVAR_est (line 45)
  In parallel_function>make_general_channel/channel_general (line 917)
  In remoteParallelFunction (line 41)
Warning: Rank deficient, rank = 30, tol =  6.046334e-13.
  In SVAR_est (line 45)
  In parallel_function>make_general_channel/channel_general (line 917)
  In remoteParallelFunction (line 41)
Warning: Rank deficient, rank = 30, tol =  6.046334e-13.
  In SVAR_est (line 45)
  In parallel_function>make_general_channel/channel_general (line 917)
  In remoteParallelFunction (line 41)
Warning: Rank deficient, rank = 30, tol =  6.062015e-13.
  In SVAR_est (line 45)
  In parallel_function>make_general_channel/channel_general (line 917)
  In remoteParallelFunction (line 41)
Warning: Rank deficient, rank = 30, tol =  6.316223e-13.
  In SVAR_est (line 45)
  In parallel_function>make_general_channel/channel_general (line 917)
  In remoteParallelFunction (line 41)
Warning: Rank deficient, rank = 30, tol =  6.310987e-13.
> In LS (line 11)
  In SVAR_est (line 45)
  In parallel_function>make_general_channel/channel_general (line 917)
  In remoteParallelFunction (line 41)
Warning: Rank deficient, rank = 30, tol =  6.074526e-13.
> In LS (line 11)
> In LS (line 11)
> In LS (line 11)
  In SVAR_est (line 45)
  In parallel_function>make_general_channel/channel_general (line 917)
  In remoteParallelFunction (line 41)
Warning: Rank deficient, rank = 30, tol =  6.074526e-13.
  In SVAR_est (line 45)
  In parallel_function>make_general_channel/channel_general (line 917)
  In remoteParallelFunction (line 41)
Warning: Rank deficient, rank = 30, tol =  6.046334e-13.
  In SVAR_est (line 45)
  In parallel_function>make_general_channel/channel_general (line 917)
  In remoteParallelFunction (line 41)
Warning: Rank deficient, rank = 30, tol =  6.228855e-13.
  In SVAR_est (line 45)
  In parallel_function>make_general_channel/channel_general (line 917)
  In remoteParallelFunction (line 41)
Warning: Rank deficient, rank = 30, tol =  8.173753e-12.
Monte Carlo:
   180

Monte Carlo:
   200

  In SVAR_est (line 45)
  In parallel_function>make_general_channel/channel_general (line 917)
  In remoteParallelFunction (line 41)
Warning: Rank deficient, rank = 30, tol =  6.046334e-13.
Parallel pool using the 'local' profile is shutting down.
Elapsed time is 1013.646188 seconds.
  message with properties:

    Identifier: 'MATLAB:connector:connector:ConnectorNotRunning'
     Arguments: {}

