
The default version of matlab in /usr/licensed/bin is matlab-R2017b 

The following versions are available in /usr/licensed/bin:
	matlab-R2019a
	matlab-R2018b
	matlab-R2018a
	matlab-R2017b
	matlab-R2017a
	matlab-R2016b
	matlab-R2016a
	matlab-R2015b
	matlab-R2015a
	matlab-R2014b
	matlab-R2014a
	matlab-R2013b
	matlab-R2013a
	matlab-R2012a

                            < M A T L A B (R) >
                  Copyright 1984-2017 The MathWorks, Inc.
                   R2017b (9.3.0.713579) 64-bit (glnxa64)
                             September 14, 2017

 
To get started, type one of these: helpwin, helpdesk, or demo.
For product information, visit www.mathworks.com.
 
Starting parallel pool (parpool) using the 'local' profile ...
connected to 10 workers.
[Warning: Variable names were modified to make them valid MATLAB identifiers.
The original names are saved in the VariableDescriptions property.] 
Monte Carlo:
    10

> In LS (line 11)
Monte Carlo:
    20

> In LS (line 11)
> In LS (line 11)
Monte Carlo:
    30

  In SVAR_est (line 45)
  In parallel_function>make_general_channel/channel_general (line 917)
  In remoteParallelFunction (line 41)
Warning: Rank deficient, rank = 72, tol =  5.723702e-13.
> In LS (line 11)
  In SVAR_est (line 45)
  In parallel_function>make_general_channel/channel_general (line 917)
  In remoteParallelFunction (line 41)
Warning: Rank deficient, rank = 72, tol =  5.723702e-13.
Monte Carlo:
    40

  In SVAR_est (line 45)
  In parallel_function>make_general_channel/channel_general (line 917)
  In remoteParallelFunction (line 41)
Warning: Rank deficient, rank = 72, tol =  5.723702e-13.
  In SVAR_est (line 45)
  In parallel_function>make_general_channel/channel_general (line 917)
  In remoteParallelFunction (line 41)
Warning: Rank deficient, rank = 72, tol =  5.925256e-13.
Monte Carlo:
    50

Monte Carlo:
    80

Monte Carlo:
    70

Monte Carlo:
    60

Monte Carlo:
   100

Monte Carlo:
    90

Parallel pool using the 'local' profile is shutting down.
Elapsed time is 178.100988 seconds.
  message with properties:

    Identifier: 'MATLAB:connector:connector:ConnectorNotRunning'
     Arguments: {}

