
The default version of matlab in /usr/licensed/bin is matlab-R2017b 

The following versions are available in /usr/licensed/bin:
	matlab-R2019a
	matlab-R2018b
	matlab-R2018a
	matlab-R2017b
	matlab-R2017a
	matlab-R2016b
	matlab-R2016a
	matlab-R2015b
	matlab-R2015a
	matlab-R2014b
	matlab-R2014a
	matlab-R2013b
	matlab-R2013a
	matlab-R2012a

                            < M A T L A B (R) >
                  Copyright 1984-2017 The MathWorks, Inc.
                   R2017b (9.3.0.713579) 64-bit (glnxa64)
                             September 14, 2017

 
To get started, type one of these: helpwin, helpdesk, or demo.
For product information, visit www.mathworks.com.
 
Starting parallel pool (parpool) using the 'local' profile ...
connected to 32 workers.
slurmstepd: error: *** JOB 32148063 ON della-r2c2n9 CANCELLED AT 2020-09-24T04:01:34 ***
